[2m2021-04-03 15:21:19.458[0;39m [32m INFO[0;39m [35m12220[0;39m [2m---[0;39m [2m[  restartedMain][0;39m [36mcom.zf.dome.TestDomeApplication         [0;39m [2m:[0;39m Starting TestDomeApplication on DESKTOP-DIBDAPR with PID 12220 (D:\IdeaProjects\spring-cloud-dome\test-dome\target\classes started by admin in D:\IdeaProjects\spring-cloud-dome)
[2m2021-04-03 15:21:19.458[0;39m [32m INFO[0;39m [35m12220[0;39m [2m---[0;39m [2m[  restartedMain][0;39m [36mcom.zf.dome.TestDomeApplication         [0;39m [2m:[0;39m The following profiles are active: dev,db
[2m2021-04-03 15:21:19.522[0;39m [32m INFO[0;39m [35m12220[0;39m [2m---[0;39m [2m[  restartedMain][0;39m [36m.e.DevToolsPropertyDefaultsPostProcessor[0;39m [2m:[0;39m Devtools property defaults active! Set 'spring.devtools.add-properties' to 'false' to disable
[2m2021-04-03 15:21:19.530[0;39m [32m INFO[0;39m [35m12220[0;39m [2m---[0;39m [2m[  restartedMain][0;39m [36m.e.DevToolsPropertyDefaultsPostProcessor[0;39m [2m:[0;39m For additional web related logging consider setting the 'logging.level.web' property to 'DEBUG'
[2m2021-04-03 15:21:20.588[0;39m [32m INFO[0;39m [35m12220[0;39m [2m---[0;39m [2m[  restartedMain][0;39m [36mtrationDelegate$BeanPostProcessorChecker[0;39m [2m:[0;39m Bean 'mica.async-net.dreamlu.mica.props.MicaAsyncProperties' of type [net.dreamlu.mica.props.MicaAsyncProperties] is not eligible for getting processed by all BeanPostProcessors (for example: not eligible for auto-proxying)
[2m2021-04-03 15:21:20.596[0;39m [32m INFO[0;39m [35m12220[0;39m [2m---[0;39m [2m[  restartedMain][0;39m [36mtrationDelegate$BeanPostProcessorChecker[0;39m [2m:[0;39m Bean 'net.dreamlu.mica.config.MicaExecutorConfiguration' of type [net.dreamlu.mica.config.MicaExecutorConfiguration$$EnhancerBySpringCGLIB$$a1cd8f1c] is not eligible for getting processed by all BeanPostProcessors (for example: not eligible for auto-proxying)
[2m2021-04-03 15:21:20.642[0;39m [32m INFO[0;39m [35m12220[0;39m [2m---[0;39m [2m[  restartedMain][0;39m [36mtrationDelegate$BeanPostProcessorChecker[0;39m [2m:[0;39m Bean 'spring.datasource.dynamic-com.baomidou.dynamic.datasource.spring.boot.autoconfigure.DynamicDataSourceProperties' of type [com.baomidou.dynamic.datasource.spring.boot.autoconfigure.DynamicDataSourceProperties] is not eligible for getting processed by all BeanPostProcessors (for example: not eligible for auto-proxying)
[2m2021-04-03 15:21:20.732[0;39m [32m INFO[0;39m [35m12220[0;39m [2m---[0;39m [2m[  restartedMain][0;39m [36mtrationDelegate$BeanPostProcessorChecker[0;39m [2m:[0;39m Bean 'com.baomidou.dynamic.datasource.spring.boot.autoconfigure.DynamicDataSourceAutoConfiguration' of type [com.baomidou.dynamic.datasource.spring.boot.autoconfigure.DynamicDataSourceAutoConfiguration$$EnhancerBySpringCGLIB$$11cdf04a] is not eligible for getting processed by all BeanPostProcessors (for example: not eligible for auto-proxying)
[2m2021-04-03 15:21:20.740[0;39m [32m INFO[0;39m [35m12220[0;39m [2m---[0;39m [2m[  restartedMain][0;39m [36mtrationDelegate$BeanPostProcessorChecker[0;39m [2m:[0;39m Bean 'dsProcessor' of type [com.baomidou.dynamic.datasource.processor.DsHeaderProcessor] is not eligible for getting processed by all BeanPostProcessors (for example: not eligible for auto-proxying)
[2m2021-04-03 15:21:20.748[0;39m [32m INFO[0;39m [35m12220[0;39m [2m---[0;39m [2m[  restartedMain][0;39m [36mtrationDelegate$BeanPostProcessorChecker[0;39m [2m:[0;39m Bean 'dynamicDatasourceAnnotationAdvisor' of type [com.baomidou.dynamic.datasource.aop.DynamicDataSourceAnnotationAdvisor] is not eligible for getting processed by all BeanPostProcessors (for example: not eligible for auto-proxying)
[2m2021-04-03 15:21:21.106[0;39m [32m INFO[0;39m [35m12220[0;39m [2m---[0;39m [2m[  restartedMain][0;39m [36mo.s.b.w.embedded.tomcat.TomcatWebServer [0;39m [2m:[0;39m Tomcat initialized with port(s): 8088 (http)
[2m2021-04-03 15:21:21.114[0;39m [32m INFO[0;39m [35m12220[0;39m [2m---[0;39m [2m[  restartedMain][0;39m [36mo.a.coyote.http11.Http11NioProtocol     [0;39m [2m:[0;39m Initializing ProtocolHandler ["http-nio-8088"]
[2m2021-04-03 15:21:21.114[0;39m [32m INFO[0;39m [35m12220[0;39m [2m---[0;39m [2m[  restartedMain][0;39m [36mo.apache.catalina.core.StandardService  [0;39m [2m:[0;39m Starting service [Tomcat]
[2m2021-04-03 15:21:21.114[0;39m [32m INFO[0;39m [35m12220[0;39m [2m---[0;39m [2m[  restartedMain][0;39m [36morg.apache.catalina.core.StandardEngine [0;39m [2m:[0;39m Starting Servlet engine: [Apache Tomcat/9.0.33]
[2m2021-04-03 15:21:21.204[0;39m [32m INFO[0;39m [35m12220[0;39m [2m---[0;39m [2m[  restartedMain][0;39m [36mo.a.c.c.C.[Tomcat].[localhost].[/]      [0;39m [2m:[0;39m Initializing Spring embedded WebApplicationContext
[2m2021-04-03 15:21:21.204[0;39m [32m INFO[0;39m [35m12220[0;39m [2m---[0;39m [2m[  restartedMain][0;39m [36mo.s.web.context.ContextLoader           [0;39m [2m:[0;39m Root WebApplicationContext: initialization completed in 1674 ms
[2m2021-04-03 15:21:21.374[0;39m [32m INFO[0;39m [35m12220[0;39m [2m---[0;39m [2m[  restartedMain][0;39m [36mcom.zaxxer.hikari.HikariDataSource      [0;39m [2m:[0;39m master - Starting...
[2m2021-04-03 15:21:21.502[0;39m [32m INFO[0;39m [35m12220[0;39m [2m---[0;39m [2m[  restartedMain][0;39m [36mcom.zaxxer.hikari.HikariDataSource      [0;39m [2m:[0;39m master - Start completed.
[2m2021-04-03 15:21:21.502[0;39m [32m INFO[0;39m [35m12220[0;39m [2m---[0;39m [2m[  restartedMain][0;39m [36mc.b.d.d.DynamicRoutingDataSource        [0;39m [2m:[0;39m dynamic-datasource - load a datasource named [master] success
[2m2021-04-03 15:21:21.510[0;39m [32m INFO[0;39m [35m12220[0;39m [2m---[0;39m [2m[  restartedMain][0;39m [36mc.b.d.d.DynamicRoutingDataSource        [0;39m [2m:[0;39m dynamic-datasource initial loaded [1] datasource,primary datasource named [master]
[2m2021-04-03 15:21:22.300[0;39m [32m INFO[0;39m [35m12220[0;39m [2m---[0;39m [2m[  restartedMain][0;39m [36mo.s.s.concurrent.ThreadPoolTaskExecutor [0;39m [2m:[0;39m Initializing ExecutorService 'applicationTaskExecutor'
[2m2021-04-03 15:21:22.369[0;39m [32m INFO[0;39m [35m12220[0;39m [2m---[0;39m [2m[  restartedMain][0;39m [36md.m.s.v.MicaRequestMappingHandlerMapping[0;39m [2m:[0;39m Mapped "{GET /tLyhImageProperties/hello}" onto com.zf.dome.controller.TLyhImagePropertiesController#test()
[2m2021-04-03 15:21:22.369[0;39m [32m INFO[0;39m [35m12220[0;39m [2m---[0;39m [2m[  restartedMain][0;39m [36md.m.s.v.MicaRequestMappingHandlerMapping[0;39m [2m:[0;39m Mapped "{ /error, produces [text/html]}" onto net.dreamlu.mica.servlet.error.MicaErrorController#errorHtml(HttpServletRequest, HttpServletResponse)
[2m2021-04-03 15:21:22.369[0;39m [32m INFO[0;39m [35m12220[0;39m [2m---[0;39m [2m[  restartedMain][0;39m [36md.m.s.v.MicaRequestMappingHandlerMapping[0;39m [2m:[0;39m Mapped "{ /error}" onto net.dreamlu.mica.servlet.error.MicaErrorController#error(HttpServletRequest)
[2m2021-04-03 15:21:22.652[0;39m [32m INFO[0;39m [35m12220[0;39m [2m---[0;39m [2m[  restartedMain][0;39m [36mo.s.s.c.ThreadPoolTaskScheduler         [0;39m [2m:[0;39m Initializing ExecutorService 'taskScheduler'
[2m2021-04-03 15:21:22.692[0;39m [32m INFO[0;39m [35m12220[0;39m [2m---[0;39m [2m[  restartedMain][0;39m [36mo.s.b.d.a.OptionalLiveReloadServer      [0;39m [2m:[0;39m LiveReload server is running on port 35729
[2m2021-04-03 15:21:22.700[0;39m [32m INFO[0;39m [35m12220[0;39m [2m---[0;39m [2m[  restartedMain][0;39m [36mo.s.b.a.e.web.EndpointLinksResolver     [0;39m [2m:[0;39m Exposing 2 endpoint(s) beneath base path '/actuator'
[2m2021-04-03 15:21:22.853[0;39m [32m INFO[0;39m [35m12220[0;39m [2m---[0;39m [2m[  restartedMain][0;39m [36mo.a.coyote.http11.Http11NioProtocol     [0;39m [2m:[0;39m Starting ProtocolHandler ["http-nio-8088"]
[2m2021-04-03 15:21:22.869[0;39m [32m INFO[0;39m [35m12220[0;39m [2m---[0;39m [2m[  restartedMain][0;39m [36mo.s.b.w.embedded.tomcat.TomcatWebServer [0;39m [2m:[0;39m Tomcat started on port(s): 8088 (http) with context path ''
[2m2021-04-03 15:21:22.877[0;39m [32m INFO[0;39m [35m12220[0;39m [2m---[0;39m [2m[  restartedMain][0;39m [36mcom.zf.dome.TestDomeApplication         [0;39m [2m:[0;39m Started TestDomeApplication in 4.177 seconds (JVM running for 5.044)
[2m2021-04-03 15:21:23.069[0;39m [32m INFO[0;39m [35m12220[0;39m [2m---[0;39m [2m[1)-192.168.43.8][0;39m [36mo.a.c.c.C.[Tomcat].[localhost].[/]      [0;39m [2m:[0;39m Initializing Spring DispatcherServlet 'dispatcherServlet'
[2m2021-04-03 15:21:23.069[0;39m [32m INFO[0;39m [35m12220[0;39m [2m---[0;39m [2m[1)-192.168.43.8][0;39m [36mo.s.web.servlet.DispatcherServlet       [0;39m [2m:[0;39m Initializing Servlet 'dispatcherServlet'
[2m2021-04-03 15:21:23.077[0;39m [32m INFO[0;39m [35m12220[0;39m [2m---[0;39m [2m[1)-192.168.43.8][0;39m [36mo.s.web.servlet.DispatcherServlet       [0;39m [2m:[0;39m Completed initialization in 8 ms
[2m2021-04-03 15:32:03.992[0;39m [31mERROR[0;39m [35m16256[0;39m [2m---[0;39m [2m[  restartedMain][0;39m [36mo.s.boot.SpringApplication              [0;39m [2m:[0;39m Application run failed

java.lang.IllegalStateException: Logback configuration error detected: 
ERROR in ch.qos.logback.core.joran.action.PropertyAction - Could not find resource [application.yml].
	at org.springframework.boot.logging.logback.LogbackLoggingSystem.loadConfiguration(LogbackLoggingSystem.java:169)
	at org.springframework.boot.logging.AbstractLoggingSystem.initializeWithConventions(AbstractLoggingSystem.java:80)
	at org.springframework.boot.logging.AbstractLoggingSystem.initialize(AbstractLoggingSystem.java:60)
	at org.springframework.boot.logging.logback.LogbackLoggingSystem.initialize(LogbackLoggingSystem.java:118)
	at org.springframework.boot.context.logging.LoggingApplicationListener.initializeSystem(LoggingApplicationListener.java:313)
	at org.springframework.boot.context.logging.LoggingApplicationListener.initialize(LoggingApplicationListener.java:288)
	at org.springframework.boot.context.logging.LoggingApplicationListener.onApplicationEnvironmentPreparedEvent(LoggingApplicationListener.java:246)
	at org.springframework.boot.context.logging.LoggingApplicationListener.onApplicationEvent(LoggingApplicationListener.java:223)
	at org.springframework.context.event.SimpleApplicationEventMulticaster.doInvokeListener(SimpleApplicationEventMulticaster.java:172)
	at org.springframework.context.event.SimpleApplicationEventMulticaster.invokeListener(SimpleApplicationEventMulticaster.java:165)
	at org.springframework.context.event.SimpleApplicationEventMulticaster.multicastEvent(SimpleApplicationEventMulticaster.java:139)
	at org.springframework.context.event.SimpleApplicationEventMulticaster.multicastEvent(SimpleApplicationEventMulticaster.java:127)
	at org.springframework.boot.context.event.EventPublishingRunListener.environmentPrepared(EventPublishingRunListener.java:76)
	at org.springframework.boot.SpringApplicationRunListeners.environmentPrepared(SpringApplicationRunListeners.java:53)
	at org.springframework.boot.SpringApplication.prepareEnvironment(SpringApplication.java:345)
	at org.springframework.boot.SpringApplication.run(SpringApplication.java:308)
	at org.springframework.boot.SpringApplication.run(SpringApplication.java:1226)
	at org.springframework.boot.SpringApplication.run(SpringApplication.java:1215)
	at com.zf.dome.TestDomeApplication.main(TestDomeApplication.java:17)
	at sun.reflect.NativeMethodAccessorImpl.invoke0(Native Method)
	at sun.reflect.NativeMethodAccessorImpl.invoke(NativeMethodAccessorImpl.java:62)
	at sun.reflect.DelegatingMethodAccessorImpl.invoke(DelegatingMethodAccessorImpl.java:43)
	at java.lang.reflect.Method.invoke(Method.java:498)
	at org.springframework.boot.devtools.restart.RestartLauncher.run(RestartLauncher.java:49)

[2m2021-04-03 15:33:16.208[0;39m [31mERROR[0;39m [35m15228[0;39m [2m---[0;39m [2m[  restartedMain][0;39m [36mo.s.boot.SpringApplication              [0;39m [2m:[0;39m Application run failed

java.lang.IllegalStateException: Logback configuration error detected: 
ERROR in ch.qos.logback.core.joran.action.PropertyAction - Could not find resource [application.yml].
	at org.springframework.boot.logging.logback.LogbackLoggingSystem.loadConfiguration(LogbackLoggingSystem.java:169)
	at org.springframework.boot.logging.AbstractLoggingSystem.initializeWithConventions(AbstractLoggingSystem.java:80)
	at org.springframework.boot.logging.AbstractLoggingSystem.initialize(AbstractLoggingSystem.java:60)
	at org.springframework.boot.logging.logback.LogbackLoggingSystem.initialize(LogbackLoggingSystem.java:118)
	at org.springframework.boot.context.logging.LoggingApplicationListener.initializeSystem(LoggingApplicationListener.java:313)
	at org.springframework.boot.context.logging.LoggingApplicationListener.initialize(LoggingApplicationListener.java:288)
	at org.springframework.boot.context.logging.LoggingApplicationListener.onApplicationEnvironmentPreparedEvent(LoggingApplicationListener.java:246)
	at org.springframework.boot.context.logging.LoggingApplicationListener.onApplicationEvent(LoggingApplicationListener.java:223)
	at org.springframework.context.event.SimpleApplicationEventMulticaster.doInvokeListener(SimpleApplicationEventMulticaster.java:172)
	at org.springframework.context.event.SimpleApplicationEventMulticaster.invokeListener(SimpleApplicationEventMulticaster.java:165)
	at org.springframework.context.event.SimpleApplicationEventMulticaster.multicastEvent(SimpleApplicationEventMulticaster.java:139)
	at org.springframework.context.event.SimpleApplicationEventMulticaster.multicastEvent(SimpleApplicationEventMulticaster.java:127)
	at org.springframework.boot.context.event.EventPublishingRunListener.environmentPrepared(EventPublishingRunListener.java:76)
	at org.springframework.boot.SpringApplicationRunListeners.environmentPrepared(SpringApplicationRunListeners.java:53)
	at org.springframework.boot.SpringApplication.prepareEnvironment(SpringApplication.java:345)
	at org.springframework.boot.SpringApplication.run(SpringApplication.java:308)
	at org.springframework.boot.SpringApplication.run(SpringApplication.java:1226)
	at org.springframework.boot.SpringApplication.run(SpringApplication.java:1215)
	at com.zf.dome.TestDomeApplication.main(TestDomeApplication.java:17)
	at sun.reflect.NativeMethodAccessorImpl.invoke0(Native Method)
	at sun.reflect.NativeMethodAccessorImpl.invoke(NativeMethodAccessorImpl.java:62)
	at sun.reflect.DelegatingMethodAccessorImpl.invoke(DelegatingMethodAccessorImpl.java:43)
	at java.lang.reflect.Method.invoke(Method.java:498)
	at org.springframework.boot.devtools.restart.RestartLauncher.run(RestartLauncher.java:49)

[2m2021-04-03 15:33:35.529[0;39m [32m INFO[0;39m [35m10488[0;39m [2m---[0;39m [2m[  restartedMain][0;39m [36mcom.zf.dome.TestDomeApplication         [0;39m [2m:[0;39m Starting TestDomeApplication on DESKTOP-DIBDAPR with PID 10488 (D:\IdeaProjects\spring-cloud-dome\test-dome\target\classes started by admin in D:\IdeaProjects\spring-cloud-dome)
[2m2021-04-03 15:33:35.532[0;39m [32m INFO[0;39m [35m10488[0;39m [2m---[0;39m [2m[  restartedMain][0;39m [36mcom.zf.dome.TestDomeApplication         [0;39m [2m:[0;39m The following profiles are active: dev,db
[2m2021-04-03 15:33:35.576[0;39m [32m INFO[0;39m [35m10488[0;39m [2m---[0;39m [2m[  restartedMain][0;39m [36m.e.DevToolsPropertyDefaultsPostProcessor[0;39m [2m:[0;39m Devtools property defaults active! Set 'spring.devtools.add-properties' to 'false' to disable
[2m2021-04-03 15:33:35.577[0;39m [32m INFO[0;39m [35m10488[0;39m [2m---[0;39m [2m[  restartedMain][0;39m [36m.e.DevToolsPropertyDefaultsPostProcessor[0;39m [2m:[0;39m For additional web related logging consider setting the 'logging.level.web' property to 'DEBUG'
[2m2021-04-03 15:33:36.456[0;39m [32m INFO[0;39m [35m10488[0;39m [2m---[0;39m [2m[  restartedMain][0;39m [36mtrationDelegate$BeanPostProcessorChecker[0;39m [2m:[0;39m Bean 'mica.async-net.dreamlu.mica.props.MicaAsyncProperties' of type [net.dreamlu.mica.props.MicaAsyncProperties] is not eligible for getting processed by all BeanPostProcessors (for example: not eligible for auto-proxying)
[2m2021-04-03 15:33:36.458[0;39m [32m INFO[0;39m [35m10488[0;39m [2m---[0;39m [2m[  restartedMain][0;39m [36mtrationDelegate$BeanPostProcessorChecker[0;39m [2m:[0;39m Bean 'net.dreamlu.mica.config.MicaExecutorConfiguration' of type [net.dreamlu.mica.config.MicaExecutorConfiguration$$EnhancerBySpringCGLIB$$fd3ddb37] is not eligible for getting processed by all BeanPostProcessors (for example: not eligible for auto-proxying)
[2m2021-04-03 15:33:36.504[0;39m [32m INFO[0;39m [35m10488[0;39m [2m---[0;39m [2m[  restartedMain][0;39m [36mtrationDelegate$BeanPostProcessorChecker[0;39m [2m:[0;39m Bean 'spring.datasource.dynamic-com.baomidou.dynamic.datasource.spring.boot.autoconfigure.DynamicDataSourceProperties' of type [com.baomidou.dynamic.datasource.spring.boot.autoconfigure.DynamicDataSourceProperties] is not eligible for getting processed by all BeanPostProcessors (for example: not eligible for auto-proxying)
[2m2021-04-03 15:33:36.587[0;39m [32m INFO[0;39m [35m10488[0;39m [2m---[0;39m [2m[  restartedMain][0;39m [36mtrationDelegate$BeanPostProcessorChecker[0;39m [2m:[0;39m Bean 'com.baomidou.dynamic.datasource.spring.boot.autoconfigure.DynamicDataSourceAutoConfiguration' of type [com.baomidou.dynamic.datasource.spring.boot.autoconfigure.DynamicDataSourceAutoConfiguration$$EnhancerBySpringCGLIB$$6d3e3c65] is not eligible for getting processed by all BeanPostProcessors (for example: not eligible for auto-proxying)
[2m2021-04-03 15:33:36.594[0;39m [32m INFO[0;39m [35m10488[0;39m [2m---[0;39m [2m[  restartedMain][0;39m [36mtrationDelegate$BeanPostProcessorChecker[0;39m [2m:[0;39m Bean 'dsProcessor' of type [com.baomidou.dynamic.datasource.processor.DsHeaderProcessor] is not eligible for getting processed by all BeanPostProcessors (for example: not eligible for auto-proxying)
[2m2021-04-03 15:33:36.597[0;39m [32m INFO[0;39m [35m10488[0;39m [2m---[0;39m [2m[  restartedMain][0;39m [36mtrationDelegate$BeanPostProcessorChecker[0;39m [2m:[0;39m Bean 'dynamicDatasourceAnnotationAdvisor' of type [com.baomidou.dynamic.datasource.aop.DynamicDataSourceAnnotationAdvisor] is not eligible for getting processed by all BeanPostProcessors (for example: not eligible for auto-proxying)
[2m2021-04-03 15:33:36.905[0;39m [32m INFO[0;39m [35m10488[0;39m [2m---[0;39m [2m[  restartedMain][0;39m [36mo.s.b.w.embedded.tomcat.TomcatWebServer [0;39m [2m:[0;39m Tomcat initialized with port(s): 8080 (http)
[2m2021-04-03 15:33:36.957[0;39m [32m INFO[0;39m [35m10488[0;39m [2m---[0;39m [2m[  restartedMain][0;39m [36mo.a.coyote.http11.Http11NioProtocol     [0;39m [2m:[0;39m Initializing ProtocolHandler ["http-nio-8080"]
[2m2021-04-03 15:33:36.957[0;39m [32m INFO[0;39m [35m10488[0;39m [2m---[0;39m [2m[  restartedMain][0;39m [36mo.apache.catalina.core.StandardService  [0;39m [2m:[0;39m Starting service [Tomcat]
[2m2021-04-03 15:33:36.958[0;39m [32m INFO[0;39m [35m10488[0;39m [2m---[0;39m [2m[  restartedMain][0;39m [36morg.apache.catalina.core.StandardEngine [0;39m [2m:[0;39m Starting Servlet engine: [Apache Tomcat/9.0.33]
[2m2021-04-03 15:33:37.045[0;39m [32m INFO[0;39m [35m10488[0;39m [2m---[0;39m [2m[  restartedMain][0;39m [36mo.a.c.c.C.[Tomcat].[localhost].[/]      [0;39m [2m:[0;39m Initializing Spring embedded WebApplicationContext
[2m2021-04-03 15:33:37.045[0;39m [32m INFO[0;39m [35m10488[0;39m [2m---[0;39m [2m[  restartedMain][0;39m [36mo.s.web.context.ContextLoader           [0;39m [2m:[0;39m Root WebApplicationContext: initialization completed in 1468 ms
[2m2021-04-03 15:33:37.216[0;39m [32m INFO[0;39m [35m10488[0;39m [2m---[0;39m [2m[  restartedMain][0;39m [36mcom.zaxxer.hikari.HikariDataSource      [0;39m [2m:[0;39m master - Starting...
[2m2021-04-03 15:33:37.325[0;39m [32m INFO[0;39m [35m10488[0;39m [2m---[0;39m [2m[  restartedMain][0;39m [36mcom.zaxxer.hikari.HikariDataSource      [0;39m [2m:[0;39m master - Start completed.
[2m2021-04-03 15:33:37.325[0;39m [32m INFO[0;39m [35m10488[0;39m [2m---[0;39m [2m[  restartedMain][0;39m [36mc.b.d.d.DynamicRoutingDataSource        [0;39m [2m:[0;39m dynamic-datasource - load a datasource named [master] success
[2m2021-04-03 15:33:37.325[0;39m [32m INFO[0;39m [35m10488[0;39m [2m---[0;39m [2m[  restartedMain][0;39m [36mc.b.d.d.DynamicRoutingDataSource        [0;39m [2m:[0;39m dynamic-datasource initial loaded [1] datasource,primary datasource named [master]
[2m2021-04-03 15:33:38.078[0;39m [32m INFO[0;39m [35m10488[0;39m [2m---[0;39m [2m[  restartedMain][0;39m [36mo.s.s.concurrent.ThreadPoolTaskExecutor [0;39m [2m:[0;39m Initializing ExecutorService 'applicationTaskExecutor'
[2m2021-04-03 15:33:38.149[0;39m [32m INFO[0;39m [35m10488[0;39m [2m---[0;39m [2m[  restartedMain][0;39m [36md.m.s.v.MicaRequestMappingHandlerMapping[0;39m [2m:[0;39m Mapped "{GET /tLyhImageProperties/hello}" onto com.zf.dome.controller.TLyhImagePropertiesController#test()
[2m2021-04-03 15:33:38.149[0;39m [32m INFO[0;39m [35m10488[0;39m [2m---[0;39m [2m[  restartedMain][0;39m [36md.m.s.v.MicaRequestMappingHandlerMapping[0;39m [2m:[0;39m Mapped "{ /error, produces [text/html]}" onto net.dreamlu.mica.servlet.error.MicaErrorController#errorHtml(HttpServletRequest, HttpServletResponse)
[2m2021-04-03 15:33:38.149[0;39m [32m INFO[0;39m [35m10488[0;39m [2m---[0;39m [2m[  restartedMain][0;39m [36md.m.s.v.MicaRequestMappingHandlerMapping[0;39m [2m:[0;39m Mapped "{ /error}" onto net.dreamlu.mica.servlet.error.MicaErrorController#error(HttpServletRequest)
[2m2021-04-03 15:33:38.425[0;39m [32m INFO[0;39m [35m10488[0;39m [2m---[0;39m [2m[  restartedMain][0;39m [36mo.s.s.c.ThreadPoolTaskScheduler         [0;39m [2m:[0;39m Initializing ExecutorService 'taskScheduler'
[2m2021-04-03 15:33:38.470[0;39m [32m INFO[0;39m [35m10488[0;39m [2m---[0;39m [2m[  restartedMain][0;39m [36mo.s.b.d.a.OptionalLiveReloadServer      [0;39m [2m:[0;39m LiveReload server is running on port 35729
[2m2021-04-03 15:33:38.477[0;39m [32m INFO[0;39m [35m10488[0;39m [2m---[0;39m [2m[  restartedMain][0;39m [36mo.s.b.a.e.web.EndpointLinksResolver     [0;39m [2m:[0;39m Exposing 2 endpoint(s) beneath base path '/actuator'
[2m2021-04-03 15:33:38.635[0;39m [32m INFO[0;39m [35m10488[0;39m [2m---[0;39m [2m[  restartedMain][0;39m [36mo.a.coyote.http11.Http11NioProtocol     [0;39m [2m:[0;39m Starting ProtocolHandler ["http-nio-8080"]
[2m2021-04-03 15:33:38.654[0;39m [32m INFO[0;39m [35m10488[0;39m [2m---[0;39m [2m[  restartedMain][0;39m [36mo.s.b.w.embedded.tomcat.TomcatWebServer [0;39m [2m:[0;39m Tomcat started on port(s): 8080 (http) with context path ''
[2m2021-04-03 15:33:38.659[0;39m [32m INFO[0;39m [35m10488[0;39m [2m---[0;39m [2m[  restartedMain][0;39m [36mcom.zf.dome.TestDomeApplication         [0;39m [2m:[0;39m Started TestDomeApplication in 3.626 seconds (JVM running for 4.321)
[2m2021-04-03 15:33:39.243[0;39m [32m INFO[0;39m [35m10488[0;39m [2m---[0;39m [2m[2)-192.168.43.8][0;39m [36mo.a.c.c.C.[Tomcat].[localhost].[/]      [0;39m [2m:[0;39m Initializing Spring DispatcherServlet 'dispatcherServlet'
[2m2021-04-03 15:33:39.244[0;39m [32m INFO[0;39m [35m10488[0;39m [2m---[0;39m [2m[2)-192.168.43.8][0;39m [36mo.s.web.servlet.DispatcherServlet       [0;39m [2m:[0;39m Initializing Servlet 'dispatcherServlet'
[2m2021-04-03 15:33:39.252[0;39m [32m INFO[0;39m [35m10488[0;39m [2m---[0;39m [2m[2)-192.168.43.8][0;39m [36mo.s.web.servlet.DispatcherServlet       [0;39m [2m:[0;39m Completed initialization in 8 ms
